<beans xmlns="http://www.springframework.org/schema/beans"
 xmlns:xsi="http://www.w3.org/2001/XMLSchema-instance" xmlns:context="http://www.springframework.org/schema/context"
 xmlns:tx="http://www.springframework.org/schema/tx" xmlns:mvc="http://www.springframework.org/schema/mvc"
 xsi:schemaLocation="http://www.springframework.org/schema/beans
  http://www.springframework.org/schema/beans/spring-beans-4.0.xsd
  http://www.springframework.org/schema/tx 
  http://www.springframework.org/schema/tx/spring-tx-2.0.xsd
  http://www.springframework.org/schema/context
  http://www.springframework.org/schema/context/spring-context-4.0.xsd
  http://www.springframework.org/schema/mvc
 http://www.springframework.org/schema/mvc/spring-mvc-3.0.xsd">

 <context:component-scan
  base-package="com.excilys.formation.java.computerdb.service.implementation" />

 <import resource="classpath:/test-persistence-context.xml" />

 <bean id="localeResolver"
  class="org.springframework.web.servlet.i18n.SessionLocaleResolver">
  <property name="defaultLocale" value="en" />
 </bean>

 <!-- Register the i18n cdb.properties -->
 <bean id="messageSource"
  class="org.springframework.context.support.ReloadableResourceBundleMessageSource">
  <property name="defaultEncoding" value="UTF-8" />
  <property name="basenames">
   <list>
    <value>classpath:/i18n/cdb</value>
   </list>
  </property>
 </bean>

</beans>